<?xml version="1.0" encoding="UTF-8"?>
<testsuite xmlns:xsi="http://www.w3.org/2001/XMLSchema-instance" xsi:noNamespaceSchemaLocation="https://maven.apache.org/surefire/maven-surefire-plugin/xsd/surefire-test-report.xsd" version="3.0.2" name="com.nextbank.account.domain.AccountTest" time="0.072" tests="16" errors="0" skipped="0" failures="0" flakes="0">
  <properties>
[...]
</properties>
  <testcase name="cannotDebitFromEmptyAccount" classname="Debits" time="0.004"/>
  <testcase name="cannotDebitMoreThanBalance" classname="Debits" time="0.006"/>
  <testcase name="debitDecreasesBalance" classname="Debits" time="0.003"/>
  <testcase name="insufficientFundsErrorCarriesAmounts" classname="Debits" time="0.002"/>
  <testcase name="canDebitEntireBalance" classname="Debits" time="0.002"/>
  <testcase name="rejectedDebitLeavesBalanceUnchanged" classname="Debits" time="0.003"/>
  <testcase name="newAccountStartsWithZeroBalance" classname="Account Opening" time="0.004"/>
  <testcase name="accountStartsWithZeroVersionZero" classname="Account Opening" time="0.001"/>
  <testcase name="twoNewAccountsHaveDifferentIds" classname="Account Opening" time="0.001"/>
  <testcase name="newAccountGetsGeneratedId" classname="Account Opening" time="0.001"/>
  <testcase name="decimalOperationsKeepPrecision" classname="Precision decimal" time="0.001"/>
  <testcase name="keepsFourDecimalPlaces" classname="Precision decimal" time="0.001"/>
  <testcase name="cannotCreditNegativeAmount" classname="Crediting" time="0.003"/>
  <testcase name="creditIncreaseBalance" classname="Crediting" time="0.002"/>
  <testcase name="successiveCreditsAccumulate" classname="Crediting" time="0.001"/>
  <testcase name="cannotCreditZero" classname="Crediting" time="0.002"/>
</testsuite>