<?xml version="1.0" encoding="UTF-8"?>
<testsuite xmlns:xsi="http://www.w3.org/2001/XMLSchema-instance" xsi:noNamespaceSchemaLocation="https://maven.apache.org/surefire/maven-surefire-plugin/xsd/surefire-test-report.xsd" version="3.0.2" name="com.nextbank.account.AccountServiceApplicationTests" time="35.091" tests="1" errors="0" skipped="0" failures="0" flakes="0">
  <properties>
[...]
</properties>
  <testcase name="contextLoads" classname="com.nextbank.account.AccountServiceApplicationTests" time="1.082">
    <system-out><![CDATA[15:01:01.547 [main] INFO org.springframework.test.context.support.AnnotationConfigContextLoaderUtils -- Could not detect default configuration classes for test class [com.nextbank.account.AccountServiceApplicationTests]: AccountServiceApplicationTests does not declare any static, non-private, non-final, nested classes annotated with @Configuration.
15:01:01.859 [main] INFO org.springframework.boot.test.context.SpringBootTestContextBootstrapper -- Found @SpringBootConfiguration com.nextbank.account.AccountServiceApplication for test class com.nextbank.account.AccountServiceApplicationTests
15:01:02.119 [main] INFO org.springframework.test.context.support.AnnotationConfigContextLoaderUtils -- Could not detect default configuration classes for test class [com.nextbank.account.AccountServiceApplicationTests]: AccountServiceApplicationTests does not declare any static, non-private, non-final, nested classes annotated with @Configuration.
15:01:02.128 [main] INFO org.springframework.boot.test.context.SpringBootTestContextBootstrapper -- Found @SpringBootConfiguration com.nextbank.account.AccountServiceApplication for test class com.nextbank.account.AccountServiceApplicationTests

  .   ____          _            __ _ _
 /\\ / ___'_ __ _ _(_)_ __  __ _ \ \ \ \
( ( )\___ | '_ | '_| | '_ \/ _` | \ \ \ \
 \\/  ___)| |_)| | | | | || (_| |  ) ) ) )
  '  |____| .__|_| |_|_| |_\__, | / / / /
 =========|_|==============|___/=/_/_/_/

 :: Spring Boot ::                (v4.1.0)

15:01:03.186 INFO  [] c.n.a.AccountServiceApplicationTests - Starting AccountServiceApplicationTests using Java 21.0.10 with PID 38264 (started by samue in C:\Users\samue\Desktop\Revolut\NextBank\account-service)
15:01:03.191 INFO  [] c.n.a.AccountServiceApplicationTests - The following 1 profile is active: "local"
15:01:05.601 INFO  [] o.s.d.r.c.RepositoryConfigurationDelegate - Bootstrapping Spring Data JPA repositories in DEFAULT mode.
15:01:05.791 INFO  [] o.s.d.r.c.RepositoryConfigurationDelegate - Finished Spring Data repository scanning in 163 ms. Found 2 JPA repository interfaces.
15:01:07.083 INFO  [] o.testcontainers.images.PullPolicy - Image pull policy will be performed by: DefaultPullPolicy()
15:01:07.088 INFO  [] o.t.utility.ImageNameSubstitutor - Image name substitution will be performed by: DefaultImageNameSubstitutor (composite of 'ConfigurationFileImageNameSubstitutor' and 'PrefixingImageNameSubstitutor')
15:01:07.210 INFO  [] o.testcontainers.DockerClientFactory - Testcontainers version: 2.0.5
15:01:08.007 INFO  [] o.t.d.DockerClientProviderStrategy - Loaded org.testcontainers.dockerclient.NpipeSocketClientProviderStrategy from ~/.testcontainers.properties, will try it first
15:01:08.817 INFO  [] o.t.d.DockerClientProviderStrategy - Found Docker environment with local Npipe socket (npipe:////./pipe/docker_engine)
15:01:08.820 INFO  [] o.testcontainers.DockerClientFactory - Docker host IP address is localhost
15:01:08.848 INFO  [] o.testcontainers.DockerClientFactory - Connected to docker: 
  Server Version: 29.1.3
  API Version: 1.52
  Operating System: Docker Desktop
  Total Memory: 7741 MB
  Labels: 
    com.docker.desktop.address=npipe://\\.\pipe\docker_cli
15:01:09.063 INFO  [] tc.testcontainers/ryuk:0.14.0 - Creating container for image: testcontainers/ryuk:0.14.0
15:01:09.266 INFO  [] o.t.utility.RegistryAuthLocator - Credential helper/store (docker-credential-desktop) does not have credentials for https://index.docker.io/v1/
15:01:09.933 INFO  [] tc.testcontainers/ryuk:0.14.0 - Container testcontainers/ryuk:0.14.0 is starting: 1eb79cb15f2a0080ffbb5e28cdf9560158c80f3c48b47158581e9a2f516eaa3b
15:01:11.765 INFO  [] tc.testcontainers/ryuk:0.14.0 - Container testcontainers/ryuk:0.14.0 started in PT2.7016736S
15:01:11.785 INFO  [] o.t.utility.RyukResourceReaper - Ryuk started - will monitor and terminate Testcontainers containers on JVM exit
15:01:11.786 INFO  [] o.testcontainers.DockerClientFactory - Checking the system...
15:01:11.787 INFO  [] o.testcontainers.DockerClientFactory - ✔︎ Docker server version should be at least 1.6.0
15:01:11.788 INFO  [] tc.apache/kafka-native:latest - Creating container for image: apache/kafka-native:latest
15:01:12.094 INFO  [] tc.apache/kafka-native:latest - Container apache/kafka-native:latest is starting: 7349a33a3b16ab837e3a8cd23f75a3db9f77576d877c89191a770f7872c3e955
15:01:15.939 INFO  [] tc.apache/kafka-native:latest - Container apache/kafka-native:latest started in PT4.1507604S
15:01:15.940 INFO  [] tc.postgres:latest - Creating container for image: postgres:latest
15:01:16.344 INFO  [] tc.postgres:latest - Container postgres:latest is starting: c70f918398566f9403ea373b441ba817271344211963d5eaeb6cd5902612699e
15:01:24.726 INFO  [] tc.postgres:latest - Container postgres:latest started in PT8.7863886S
15:01:24.727 INFO  [] tc.postgres:latest - Container is started (JDBC URL: jdbc:postgresql://localhost:55129/test?loggerLevel=OFF)
15:01:26.081 INFO  [] org.flywaydb.core.FlywayExecutor - Database: jdbc:postgresql://localhost:55129/test?loggerLevel=OFF (PostgreSQL 18.4)
15:01:26.337 INFO  [] o.f.c.i.s.JdbcTableSchemaHistory - Schema history table "public"."flyway_schema_history" does not exist yet
15:01:26.350 INFO  [] o.f.core.internal.command.DbValidate - Successfully validated 4 migrations (execution time 00:00.084s)
15:01:26.410 INFO  [] org.flywaydb.core.Flyway - All configured schemas are empty; a baseline marker will not be added to Flyway's schema history table. A baseline or migration script with a lower version than the baseline version may execute if available. Check the Schemas parameter if this is not intended. See https://help.red-gate.com/help/flyway-cli12/help_4.aspx?topic=baseline-on-migrate for more info
15:01:26.427 INFO  [] o.f.c.i.s.JdbcTableSchemaHistory - Creating Schema History table "public"."flyway_schema_history" ...
15:01:26.556 INFO  [] o.f.core.internal.command.DbMigrate - Current version of schema "public": << Empty Schema >>
15:01:26.583 INFO  [] o.f.core.internal.command.DbMigrate - Migrating schema "public" to version "1 - create accounts and outbox"
15:01:26.662 INFO  [] o.f.core.internal.command.DbMigrate - Migrating schema "public" to version "2 - use timestamptz"
15:01:26.710 INFO  [] o.f.core.internal.command.DbMigrate - Migrating schema "public" to version "3 - add version to accounts"
15:01:26.758 INFO  [] o.f.core.internal.command.DbMigrate - Migrating schema "public" to version "4 - add correlation to outbox"
15:01:26.805 INFO  [] o.f.core.internal.command.DbMigrate - Successfully applied 4 migrations to schema "public", now at version v4 (execution time 00:00.087s)
15:01:27.161 INFO  [] org.hibernate.orm.jpa - HHH008540: Processing PersistenceUnitInfo [name: default]
15:01:27.378 INFO  [] org.hibernate.orm.core - HHH000001: Hibernate ORM core version 7.4.1.Final
15:01:28.728 INFO  [] o.s.o.j.p.SpringPersistenceUnitInfo - No LoadTimeWeaver setup: ignoring JPA class transformer
15:01:28.845 INFO  [] com.zaxxer.hikari.HikariDataSource - HikariPool-1 - Starting...
15:01:28.906 INFO  [] com.zaxxer.hikari.pool.HikariPool - HikariPool-1 - Added connection org.postgresql.jdbc.PgConnection@74856353
15:01:28.910 INFO  [] com.zaxxer.hikari.HikariDataSource - HikariPool-1 - Start completed.
15:01:29.094 INFO  [] o.hibernate.orm.connections.pooling - HHH10001005: Database info:
	Database JDBC URL [jdbc:postgresql://localhost:55129/test?loggerLevel=OFF]
	Database driver: PostgreSQL JDBC Driver
	Database dialect: PostgreSQLDialect
	Database version: 18.4
	Default catalog/schema: test/public
	Autocommit mode: undefined/unknown
	Isolation level: READ_COMMITTED [default READ_COMMITTED]
	JDBC fetch size: none
	Pool: DataSourceConnectionProvider
	Minimum pool size: undefined/unknown
	Maximum pool size: undefined/unknown
15:01:31.401 INFO  [] org.hibernate.orm.core - HHH000489: No JTA platform available (set 'hibernate.transaction.jta.platform' to enable JTA platform integration)
15:01:31.572 INFO  [] o.s.o.j.LocalContainerEntityManagerFactoryBean - Initialized JPA EntityManagerFactory for persistence unit 'default'
15:01:31.757 INFO  [] o.s.d.j.r.q.QueryEnhancerFactories - Hibernate is in classpath; If applicable, HQL parser will be used.
15:01:34.978 INFO  [] o.s.b.a.e.web.EndpointLinksResolver - Exposing 1 endpoint beneath base path '/actuator'
15:01:35.107 INFO  [] c.n.a.AccountServiceApplicationTests - Started AccountServiceApplicationTests in 32.822 seconds (process running for 35.982)
15:01:35.897 INFO  [] org.jooq.Constants - 
                                      
@@@@@@@@@@@@@@@@@@@@@@@@@@@@@@@@@@@@@@
@@@@@@@@@@@@@@@@@@@@@@@@@@@@@@@@@@@@@@
@@@@@@@@@@@@@@@@  @@        @@@@@@@@@@
@@@@@@@@@@@@@@@@@@@@        @@@@@@@@@@
@@@@@@@@@@@@@@@@  @@  @@    @@@@@@@@@@
@@@@@@@@@@  @@@@  @@  @@    @@@@@@@@@@
@@@@@@@@@@        @@        @@@@@@@@@@
@@@@@@@@@@@@@@@@@@@@@@@@@@@@@@@@@@@@@@
@@@@@@@@@@@@@@@@@@@@@@@@@@@@@@@@@@@@@@
@@@@@@@@@@        @@        @@@@@@@@@@
@@@@@@@@@@    @@  @@  @@@@  @@@@@@@@@@
@@@@@@@@@@    @@  @@  @@@@  @@@@@@@@@@
@@@@@@@@@@        @@  @  @  @@@@@@@@@@
@@@@@@@@@@        @@        @@@@@@@@@@
@@@@@@@@@@@@@@@@@@@@@@@  @@@@@@@@@@@@@
@@@@@@@@@@@@@@@@@@@@@@@@@@@@@@@@@@@@@@
@@@@@@@@@@@@@@@@@@@@@@@@@@@@@@@@@@@@@@  Thank you for using jOOQ 3.21.5 (Build date: 2026-06-04T07:54:48Z)
                                      
15:01:35.900 INFO  [] org.jooq.Constants - 

jOOQ tip of the day: The jOOQ code generator can generate code from an XML representation of your schema: https://www.jooq.org/doc/latest/manual/code-generation/codegen-xml/

15:01:36.110 INFO  [] o.j.i.D.logVersionSupport - Version                  : Database version is supported by dialect SQLDialect.POSTGRES: 18.4 (Debian 18.4-1.pgdg13+1)
]]></system-out>
    <system-err><![CDATA[Mockito is currently self-attaching to enable the inline-mock-maker. This will no longer work in future releases of the JDK. Please add Mockito as an agent to your build as described in Mockito's documentation: https://javadoc.io/doc/org.mockito/mockito-core/latest/org.mockito/org/mockito/Mockito.html#0.3
WARNING: A Java agent has been loaded dynamically (C:\Users\samue\.m2\repository\net\bytebuddy\byte-buddy-agent\1.18.10\byte-buddy-agent-1.18.10.jar)
WARNING: If a serviceability tool is in use, please run with -XX:+EnableDynamicAgentLoading to hide this warning
WARNING: If a serviceability tool is not in use, please run with -Djdk.instrument.traceUsage for more information
WARNING: Dynamic loading of agents will be disallowed by default in a future release
]]></system-err>
  </testcase>
</testsuite>